TN:
SF:src/domains/users/repository.ts
FN:6,(anonymous_1)
FN:23,(anonymous_2)
FN:33,(anonymous_3)
FN:43,(anonymous_4)
FN:77,(anonymous_5)
FNF:5
FNH:5
FNDA:1,(anonymous_1)
FNDA:4,(anonymous_2)
FNDA:2,(anonymous_3)
FNDA:1,(anonymous_4)
FNDA:2,(anonymous_5)
DA:1,1
DA:2,1
DA:5,1
DA:7,1
DA:8,1
DA:10,1
DA:16,1
DA:17,1
DA:18,0
DA:20,1
DA:24,4
DA:29,4
DA:30,4
DA:34,2
DA:39,2
DA:40,2
DA:44,1
DA:45,1
DA:46,1
DA:48,1
DA:49,1
DA:50,1
DA:52,1
DA:53,1
DA:54,1
DA:56,1
DA:57,0
DA:58,0
DA:61,1
DA:62,0
DA:65,1
DA:66,1
DA:67,1
DA:69,1
DA:74,1
DA:78,2
DA:83,2
LF:37
LH:33
BRDA:17,0,0,0
BRDA:30,1,0,4
BRDA:30,1,1,1
BRDA:40,2,0,2
BRDA:40,2,1,1
BRDA:48,3,0,1
BRDA:52,4,0,1
BRDA:56,5,0,0
BRDA:61,6,0,0
BRF:9
BRH:6
end_of_record
TN:
SF:src/domains/users/service.ts
FN:7,(anonymous_0)
FN:11,(anonymous_1)
FN:20,(anonymous_2)
FN:24,(anonymous_3)
FN:28,(anonymous_4)
FN:44,(anonymous_5)
FNF:6
FNH:6
FNDA:11,(anonymous_0)
FNDA:2,(anonymous_1)
FNDA:2,(anonymous_2)
FNDA:2,(anonymous_3)
FNDA:3,(anonymous_4)
FNDA:2,(anonymous_5)
DA:2,1
DA:4,1
DA:8,11
DA:12,2
DA:13,2
DA:14,1
DA:17,1
DA:21,2
DA:25,2
DA:29,3
DA:30,3
DA:31,1
DA:34,2
DA:35,1
DA:36,1
DA:37,1
DA:41,1
DA:45,2
DA:46,2
DA:47,1
DA:50,1
LF:21
LH:21
BRDA:13,0,0,1
BRDA:30,1,0,1
BRDA:34,2,0,1
BRDA:34,3,0,2
BRDA:34,3,1,1
BRDA:36,4,0,1
BRDA:46,5,0,1
BRF:7
BRH:7
end_of_record
TN:
SF:src/middlewares/validators/user-validator.ts
FN:4,(anonymous_0)
FN:8,(anonymous_1)
FN:22,(anonymous_2)
FNF:3
FNH:3
FNDA:4,(anonymous_0)
FNDA:3,(anonymous_1)
FNDA:3,(anonymous_2)
DA:4,1
DA:5,4
DA:8,1
DA:9,3
DA:11,3
DA:12,1
DA:15,2
DA:16,1
DA:19,1
DA:22,1
DA:23,3
DA:25,3
DA:26,1
DA:29,2
LF:14
LH:14
BRDA:11,0,0,1
BRDA:11,1,0,3
BRDA:11,1,1,3
BRDA:11,1,2,3
BRDA:15,2,0,1
BRDA:25,3,0,1
BRDA:25,4,0,3
BRDA:25,4,1,2
BRF:8
BRH:8
end_of_record
