TN:
SF:src/domains/users/repository.ts
FN:6,(anonymous_1)
FN:23,(anonymous_2)
FN:33,(anonymous_3)
FN:43,(anonymous_4)
FN:77,(anonymous_5)
FNF:5
FNH:5
FNDA:2,(anonymous_1)
FNDA:11,(anonymous_2)
FNDA:4,(anonymous_3)
FNDA:5,(anonymous_4)
FNDA:4,(anonymous_5)
DA:1,2
DA:2,2
DA:5,2
DA:7,2
DA:8,2
DA:10,2
DA:16,2
DA:17,2
DA:18,0
DA:20,2
DA:24,11
DA:29,11
DA:30,11
DA:34,4
DA:39,4
DA:40,4
DA:44,5
DA:45,5
DA:46,5
DA:48,5
DA:49,3
DA:50,3
DA:52,5
DA:53,3
DA:54,3
DA:56,5
DA:57,1
DA:58,1
DA:61,5
DA:62,1
DA:65,4
DA:66,4
DA:67,4
DA:69,4
DA:74,4
DA:78,4
DA:83,4
LF:37
LH:36
BRDA:17,0,0,0
BRDA:30,1,0,11
BRDA:30,1,1,2
BRDA:40,2,0,4
BRDA:40,2,1,2
BRDA:48,3,0,3
BRDA:52,4,0,3
BRDA:56,5,0,1
BRDA:61,6,0,1
BRF:9
BRH:8
end_of_record
TN:
SF:src/domains/users/service.ts
FN:7,(anonymous_0)
FN:11,(anonymous_1)
FN:20,(anonymous_2)
FN:24,(anonymous_3)
FN:28,(anonymous_4)
FN:44,(anonymous_5)
FNF:6
FNH:6
FNDA:11,(anonymous_0)
FNDA:2,(anonymous_1)
FNDA:2,(anonymous_2)
FNDA:2,(anonymous_3)
FNDA:3,(anonymous_4)
FNDA:2,(anonymous_5)
DA:2,1
DA:4,1
DA:8,11
DA:12,2
DA:13,2
DA:14,1
DA:17,1
DA:21,2
DA:25,2
DA:29,3
DA:30,3
DA:31,1
DA:34,2
DA:35,1
DA:36,1
DA:37,1
DA:41,1
DA:45,2
DA:46,2
DA:47,1
DA:50,1
LF:21
LH:21
BRDA:13,0,0,1
BRDA:30,1,0,1
BRDA:34,2,0,1
BRDA:34,3,0,2
BRDA:34,3,1,1
BRDA:36,4,0,1
BRDA:46,5,0,1
BRF:7
BRH:7
end_of_record
TN:
SF:src/middlewares/validators/user-validator.ts
FNF:0
FNH:0
DA:1,1
DA:2,1
DA:4,1
DA:5,1
LF:4
LH:4
BRF:0
BRH:0
end_of_record
TN:
SF:src/middlewares/validators/zod-validator.ts
FN:4,validateWithZod
FN:5,(anonymous_1)
FNF:2
FNH:2
FNDA:2,validateWithZod
FNDA:6,(anonymous_1)
DA:4,1
DA:5,2
DA:6,6
DA:8,6
DA:9,3
DA:10,3
DA:13,3
DA:14,3
LF:8
LH:8
BRDA:8,0,0,3
BRDA:9,1,0,3
BRDA:9,1,1,0
BRF:3
BRH:2
end_of_record
TN:
SF:src/schemas/validation-schemas.ts
FN:24,(anonymous_0)
FN:33,(anonymous_1)
FNF:2
FNH:0
FNDA:0,(anonymous_0)
FNDA:0,(anonymous_1)
DA:1,1
DA:3,1
DA:17,1
DA:24,0
DA:33,0
LF:5
LH:3
BRF:0
BRH:0
end_of_record
